# JRE version: OpenJDK Runtime Environment (8.0_202) (build 1.8.0_202-release-1483-b49-5587405)
# Java VM: OpenJDK 64-Bit Server VM (25.202-b49-5587405 mixed mode linux-amd64 compressed oops)
Heap:
 PSYoungGen      total 460800K, used 217146K [0x00000000e0000000, 0x0000000100000000, 0x0000000100000000)
  eden space 397312K, 38% used [0x00000000e0000000,0x00000000e9611680,0x00000000f8400000)
  from space 63488K, 99% used [0x00000000f8400000,0x00000000fc1fd2e0,0x00000000fc200000)
  to   space 63488K, 0% used [0x00000000fc200000,0x00000000fc200000,0x0000000100000000)
 ParOldGen       total 745472K, used 468005K [0x00000000a0000000, 0x00000000cd800000, 0x00000000e0000000)
  object space 745472K, 62% used [0x00000000a0000000,0x00000000bc909410,0x00000000cd800000)
 Metaspace       used 106038K, capacity 111698K, committed 111872K, reserved 1146880K
  class space    used 13527K, capacity 14576K, committed 14592K, reserved 1048576K
GC Heap History (10 events):
Event: 176,113 GC heap before
{Heap before GC invocations=39 (full 4):
 PSYoungGen      total 468992K, used 439808K [0x00000000e0000000, 0x00000000ff880000, 0x0000000100000000)
  eden space 429568K, 100% used [0x00000000e0000000,0x00000000fa380000,0x00000000fa380000)
  from space 39424K, 25% used [0x00000000fd200000,0x00000000fdc00020,0x00000000ff880000)
  to   space 43520K, 0% used [0x00000000fa380000,0x00000000fa380000,0x00000000fce00000)
 ParOldGen       total 745472K, used 376215K [0x00000000a0000000, 0x00000000cd800000, 0x00000000e0000000)
  object space 745472K, 50% used [0x00000000a0000000,0x00000000b6f65f28,0x00000000cd800000)
 Metaspace       used 105229K, capacity 110750K, committed 111104K, reserved 1146880K
  class space    used 13447K, capacity 14492K, committed 14592K, reserved 1048576K
Event: 176,128 GC heap after
Heap after GC invocations=39 (full 4):
 PSYoungGen      total 473088K, used 6752K [0x00000000e0000000, 0x0000000100000000, 0x0000000100000000)
  eden space 429568K, 0% used [0x00000000e0000000,0x00000000e0000000,0x00000000fa380000)
  from space 43520K, 15% used [0x00000000fa380000,0x00000000faa18000,0x00000000fce00000)
  to   space 41984K, 0% used [0x00000000fd700000,0x00000000fd700000,0x0000000100000000)
 ParOldGen       total 745472K, used 385335K [0x00000000a0000000, 0x00000000cd800000, 0x00000000e0000000)
  object space 745472K, 51% used [0x00000000a0000000,0x00000000b784df48,0x00000000cd800000)
 Metaspace       used 105229K, capacity 110750K, committed 111104K, reserved 1146880K
  class space    used 13447K, capacity 14492K, committed 14592K, reserved 1048576K
}
Event: 176,441 GC heap before
{Heap before GC invocations=40 (full 4):
 PSYoungGen      total 473088K, used 436320K [0x00000000e0000000, 0x0000000100000000, 0x0000000100000000)
  eden space 429568K, 100% used [0x00000000e0000000,0x00000000fa380000,0x00000000fa380000)
  from space 43520K, 15% used [0x00000000fa380000,0x00000000faa18000,0x00000000fce00000)
  to   space 41984K, 0% used [0x00000000fd700000,0x00000000fd700000,0x0000000100000000)
 ParOldGen       total 745472K, used 385335K [0x00000000a0000000, 0x00000000cd800000, 0x00000000e0000000)
  object space 745472K, 51% used [0x00000000a0000000,0x00000000b784df48,0x00000000cd800000)
 Metaspace       used 105240K, capacity 110750K, committed 111104K, reserved 1146880K
  class space    used 13447K, capacity 14492K, committed 14592K, reserved 1048576K
Event: 176,451 GC heap after
Heap after GC invocations=40 (full 4):
 PSYoungGen      total 475136K, used 7360K [0x00000000e0000000, 0x00000000ffa80000, 0x0000000100000000)
  eden space 438784K, 0% used [0x00000000e0000000,0x00000000e0000000,0x00000000fac80000)
  from space 36352K, 20% used [0x00000000fd700000,0x00000000fde30000,0x00000000ffa80000)
  to   space 39936K, 0% used [0x00000000fac80000,0x00000000fac80000,0x00000000fd380000)
 ParOldGen       total 745472K, used 391243K [0x00000000a0000000, 0x00000000cd800000, 0x00000000e0000000)
  object space 745472K, 52% used [0x00000000a0000000,0x00000000b7e12fc8,0x00000000cd800000)
 Metaspace       used 105240K, capacity 110750K, committed 111104K, reserved 1146880K
  class space    used 13447K, capacity 14492K, committed 14592K, reserved 1048576K
}
Event: 177,044 GC heap before
{Heap before GC invocations=41 (full 4):
 PSYoungGen      total 475136K, used 446144K [0x00000000e0000000, 0x00000000ffa80000, 0x0000000100000000)
  eden space 438784K, 100% used [0x00000000e0000000,0x00000000fac80000,0x00000000fac80000)
  from space 36352K, 20% used [0x00000000fd700000,0x00000000fde30000,0x00000000ffa80000)
  to   space 39936K, 0% used [0x00000000fac80000,0x00000000fac80000,0x00000000fd380000)
 ParOldGen       total 745472K, used 391243K [0x00000000a0000000, 0x00000000cd800000, 0x00000000e0000000)
  object space 745472K, 52% used [0x00000000a0000000,0x00000000b7e12fc8,0x00000000cd800000)
 Metaspace       used 105248K, capacity 110750K, committed 111104K, reserved 1146880K
  class space    used 13448K, capacity 14492K, committed 14592K, reserved 1048576K
Event: 177,054 GC heap after
Heap after GC invocations=41 (full 4):
 PSYoungGen      total 478720K, used 8432K [0x00000000e0000000, 0x00000000fff80000, 0x0000000100000000)
  eden space 438784K, 0% used [0x00000000e0000000,0x00000000e0000000,0x00000000fac80000)
  from space 39936K, 21% used [0x00000000fac80000,0x00000000fb4bc020,0x00000000fd380000)
  to   space 37888K, 0% used [0x00000000fda80000,0x00000000fda80000,0x00000000fff80000)
 ParOldGen       total 745472K, used 397792K [0x00000000a0000000, 0x00000000cd800000, 0x00000000e0000000)
  object space 745472K, 53% used [0x00000000a0000000,0x00000000b8478370,0x00000000cd800000)
 Metaspace       used 105248K, capacity 110750K, committed 111104K, reserved 1146880K
  class space    used 13448K, capacity 14492K, committed 14592K, reserved 1048576K
}
Event: 177,993 GC heap before
{Heap before GC invocations=42 (full 4):
 PSYoungGen      total 478720K, used 447216K [0x00000000e0000000, 0x00000000fff80000, 0x0000000100000000)
  eden space 438784K, 100% used [0x00000000e0000000,0x00000000fac80000,0x00000000fac80000)
  from space 39936K, 21% used [0x00000000fac80000,0x00000000fb4bc020,0x00000000fd380000)
  to   space 37888K, 0% used [0x00000000fda80000,0x00000000fda80000,0x00000000fff80000)
 ParOldGen       total 745472K, used 397792K [0x00000000a0000000, 0x00000000cd800000, 0x00000000e0000000)
  object space 745472K, 53% used [0x00000000a0000000,0x00000000b8478370,0x00000000cd800000)
 Metaspace       used 105824K, capacity 111514K, committed 111616K, reserved 1146880K
  class space    used 13513K, capacity 14566K, committed 14592K, reserved 1048576K
Event: 178,024 GC heap after
Heap after GC invocations=42 (full 4):
 PSYoungGen      total 435200K, used 37861K [0x00000000e0000000, 0x0000000100000000, 0x0000000100000000)
  eden space 397312K, 0% used [0x00000000e0000000,0x00000000e0000000,0x00000000f8400000)
  from space 37888K, 99% used [0x00000000fda80000,0x00000000fff79580,0x00000000fff80000)
  to   space 63488K, 0% used [0x00000000f8400000,0x00000000f8400000,0x00000000fc200000)
 ParOldGen       total 745472K, used 448496K [0x00000000a0000000, 0x00000000cd800000, 0x00000000e0000000)
  object space 745472K, 60% used [0x00000000a0000000,0x00000000bb5fc238,0x00000000cd800000)
 Metaspace       used 105824K, capacity 111514K, committed 111616K, reserved 1146880K
  class space    used 13513K, capacity 14566K, committed 14592K, reserved 1048576K
}
Event: 179,251 GC heap before
{Heap before GC invocations=43 (full 4):
 PSYoungGen      total 435200K, used 435173K [0x00000000e0000000, 0x0000000100000000, 0x0000000100000000)
  eden space 397312K, 100% used [0x00000000e0000000,0x00000000f8400000,0x00000000f8400000)
  from space 37888K, 99% used [0x00000000fda80000,0x00000000fff79580,0x00000000fff80000)
  to   space 63488K, 0% used [0x00000000f8400000,0x00000000f8400000,0x00000000fc200000)
 ParOldGen       total 745472K, used 448496K [0x00000000a0000000, 0x00000000cd800000, 0x00000000e0000000)
  object space 745472K, 60% used [0x00000000a0000000,0x00000000bb5fc238,0x00000000cd800000)
 Metaspace       used 106031K, capacity 111698K, committed 111872K, reserved 1146880K
  class space    used 13527K, capacity 14576K, committed 14592K, reserved 1048576K
Event: 179,280 GC heap after
Heap after GC invocations=43 (full 4):
 PSYoungGen      total 460800K, used 63476K [0x00000000e0000000, 0x0000000100000000, 0x0000000100000000)
  eden space 397312K, 0% used [0x00000000e0000000,0x00000000e0000000,0x00000000f8400000)
  from space 63488K, 99% used [0x00000000f8400000,0x00000000fc1fd2e0,0x00000000fc200000)
  to   space 63488K, 0% used [0x00000000fc200000,0x00000000fc200000,0x0000000100000000)
 ParOldGen       total 745472K, used 468005K [0x00000000a0000000, 0x00000000cd800000, 0x00000000e0000000)
  object space 745472K, 62% used [0x00000000a0000000,0x00000000bc909410,0x00000000cd800000)
 Metaspace       used 106031K, capacity 111698K, committed 111872K, reserved 1146880K
  class space    used 13527K, capacity 14576K, committed 14592K, reserved 1048576K
}

