# JRE version: OpenJDK Runtime Environment (8.0_202) (build 1.8.0_202-release-1483-b49-5587405)
# Java VM: OpenJDK 64-Bit Server VM (25.202-b49-5587405 mixed mode linux-amd64 compressed oops)
Heap:
 PSYoungGen      total 314880K, used 221322K [0x00000000e0000000, 0x0000000100000000, 0x0000000100000000)
  eden space 196096K, 52% used [0x00000000e0000000,0x00000000e6489580,0x00000000ebf80000)
  from space 118784K, 99% used [0x00000000ebf80000,0x00000000f33195d0,0x00000000f3380000)
  to   space 173056K, 0% used [0x00000000f5700000,0x00000000f5700000,0x0000000100000000)
 ParOldGen       total 833536K, used 75209K [0x00000000a0000000, 0x00000000d2e00000, 0x00000000e0000000)
  object space 833536K, 9% used [0x00000000a0000000,0x00000000a4972608,0x00000000d2e00000)
 Metaspace       used 111223K, capacity 118042K, committed 120536K, reserved 1155072K
  class space    used 13711K, capacity 14822K, committed 15616K, reserved 1048576K
GC Heap History (10 events):
Event: 10568,670 GC heap before
{Heap before GC invocations=77 (full 6):
 PSYoungGen      total 347136K, used 235185K [0x00000000e0000000, 0x00000000fe980000, 0x0000000100000000)
  eden space 190464K, 100% used [0x00000000e0000000,0x00000000eba00000,0x00000000eba00000)
  from space 156672K, 28% used [0x00000000f5080000,0x00000000f7c2c740,0x00000000fe980000)
  to   space 154112K, 0% used [0x00000000eba00000,0x00000000eba00000,0x00000000f5080000)
 ParOldGen       total 833536K, used 75041K [0x00000000a0000000, 0x00000000d2e00000, 0x00000000e0000000)
  object space 833536K, 9% used [0x00000000a0000000,0x00000000a49485c8,0x00000000d2e00000)
 Metaspace       used 111116K, capacity 117972K, committed 120536K, reserved 1155072K
  class space    used 13710K, capacity 14821K, committed 15616K, reserved 1048576K
Event: 10568,697 GC heap after
Heap after GC invocations=77 (full 6):
 PSYoungGen      total 344576K, used 106637K [0x00000000e0000000, 0x0000000100000000, 0x0000000100000000)
  eden space 190464K, 0% used [0x00000000e0000000,0x00000000e0000000,0x00000000eba00000)
  from space 154112K, 69% used [0x00000000eba00000,0x00000000f2223580,0x00000000f5080000)
  to   space 165888K, 0% used [0x00000000f5e00000,0x00000000f5e00000,0x0000000100000000)
 ParOldGen       total 833536K, used 75041K [0x00000000a0000000, 0x00000000d2e00000, 0x00000000e0000000)
  object space 833536K, 9% used [0x00000000a0000000,0x00000000a49485c8,0x00000000d2e00000)
 Metaspace       used 111116K, capacity 117972K, committed 120536K, reserved 1155072K
  class space    used 13710K, capacity 14821K, committed 15616K, reserved 1048576K
}
Event: 10569,125 GC heap before
{Heap before GC invocations=78 (full 6):
 PSYoungGen      total 344576K, used 297101K [0x00000000e0000000, 0x0000000100000000, 0x0000000100000000)
  eden space 190464K, 100% used [0x00000000e0000000,0x00000000eba00000,0x00000000eba00000)
  from space 154112K, 69% used [0x00000000eba00000,0x00000000f2223580,0x00000000f5080000)
  to   space 165888K, 0% used [0x00000000f5e00000,0x00000000f5e00000,0x0000000100000000)
 ParOldGen       total 833536K, used 75041K [0x00000000a0000000, 0x00000000d2e00000, 0x00000000e0000000)
  object space 833536K, 9% used [0x00000000a0000000,0x00000000a49485c8,0x00000000d2e00000)
 Metaspace       used 111117K, capacity 117972K, committed 120536K, reserved 1155072K
  class space    used 13710K, capacity 14821K, committed 15616K, reserved 1048576K
Event: 10569,129 GC heap after
Heap after GC invocations=78 (full 6):
 PSYoungGen      total 363008K, used 10272K [0x00000000e0000000, 0x0000000100000000, 0x0000000100000000)
  eden space 197120K, 0% used [0x00000000e0000000,0x00000000e0000000,0x00000000ec080000)
  from space 165888K, 6% used [0x00000000f5e00000,0x00000000f6808030,0x0000000100000000)
  to   space 161280K, 0% used [0x00000000ec080000,0x00000000ec080000,0x00000000f5e00000)
 ParOldGen       total 833536K, used 75193K [0x00000000a0000000, 0x00000000d2e00000, 0x00000000e0000000)
  object space 833536K, 9% used [0x00000000a0000000,0x00000000a496e608,0x00000000d2e00000)
 Metaspace       used 111117K, capacity 117972K, committed 120536K, reserved 1155072K
  class space    used 13710K, capacity 14821K, committed 15616K, reserved 1048576K
}
Event: 10745,282 GC heap before
{Heap before GC invocations=79 (full 6):
 PSYoungGen      total 363008K, used 206569K [0x00000000e0000000, 0x0000000100000000, 0x0000000100000000)
  eden space 197120K, 99% used [0x00000000e0000000,0x00000000ebfb2690,0x00000000ec080000)
  from space 165888K, 6% used [0x00000000f5e00000,0x00000000f6808030,0x0000000100000000)
  to   space 161280K, 0% used [0x00000000ec080000,0x00000000ec080000,0x00000000f5e00000)
 ParOldGen       total 833536K, used 75193K [0x00000000a0000000, 0x00000000d2e00000, 0x00000000e0000000)
  object space 833536K, 9% used [0x00000000a0000000,0x00000000a496e608,0x00000000d2e00000)
 Metaspace       used 111208K, capacity 118042K, committed 120536K, reserved 1155072K
  class space    used 13711K, capacity 14822K, committed 15616K, reserved 1048576K
Event: 10745,287 GC heap after
Heap after GC invocations=79 (full 6):
 PSYoungGen      total 206848K, used 9712K [0x00000000e0000000, 0x00000000ff280000, 0x0000000100000000)
  eden space 197120K, 0% used [0x00000000e0000000,0x00000000e0000000,0x00000000ec080000)
  from space 9728K, 99% used [0x00000000ec080000,0x00000000ec9fc020,0x00000000eca00000)
  to   space 156672K, 0% used [0x00000000f5980000,0x00000000f5980000,0x00000000ff280000)
 ParOldGen       total 833536K, used 75201K [0x00000000a0000000, 0x00000000d2e00000, 0x00000000e0000000)
  object space 833536K, 9% used [0x00000000a0000000,0x00000000a4970608,0x00000000d2e00000)
 Metaspace       used 111208K, capacity 118042K, committed 120536K, reserved 1155072K
  class space    used 13711K, capacity 14822K, committed 15616K, reserved 1048576K
}
Event: 10745,898 GC heap before
{Heap before GC invocations=80 (full 6):
 PSYoungGen      total 206848K, used 206832K [0x00000000e0000000, 0x00000000ff280000, 0x0000000100000000)
  eden space 197120K, 100% used [0x00000000e0000000,0x00000000ec080000,0x00000000ec080000)
  from space 9728K, 99% used [0x00000000ec080000,0x00000000ec9fc020,0x00000000eca00000)
  to   space 156672K, 0% used [0x00000000f5980000,0x00000000f5980000,0x00000000ff280000)
 ParOldGen       total 833536K, used 75201K [0x00000000a0000000, 0x00000000d2e00000, 0x00000000e0000000)
  object space 833536K, 9% used [0x00000000a0000000,0x00000000a4970608,0x00000000d2e00000)
 Metaspace       used 111220K, capacity 118042K, committed 120536K, reserved 1155072K
  class space    used 13711K, capacity 14822K, committed 15616K, reserved 1048576K
Event: 10745,914 GC heap after
Heap after GC invocations=80 (full 6):
 PSYoungGen      total 352768K, used 77650K [0x00000000e0000000, 0x0000000100000000, 0x0000000100000000)
  eden space 196096K, 0% used [0x00000000e0000000,0x00000000e0000000,0x00000000ebf80000)
  from space 156672K, 49% used [0x00000000f5980000,0x00000000fa554b50,0x00000000ff280000)
  to   space 157696K, 0% used [0x00000000ebf80000,0x00000000ebf80000,0x00000000f5980000)
 ParOldGen       total 833536K, used 75209K [0x00000000a0000000, 0x00000000d2e00000, 0x00000000e0000000)
  object space 833536K, 9% used [0x00000000a0000000,0x00000000a4972608,0x00000000d2e00000)
 Metaspace       used 111220K, capacity 118042K, committed 120536K, reserved 1155072K
  class space    used 13711K, capacity 14822K, committed 15616K, reserved 1048576K
}
Event: 10746,381 GC heap before
{Heap before GC invocations=81 (full 6):
 PSYoungGen      total 352768K, used 273746K [0x00000000e0000000, 0x0000000100000000, 0x0000000100000000)
  eden space 196096K, 100% used [0x00000000e0000000,0x00000000ebf80000,0x00000000ebf80000)
  from space 156672K, 49% used [0x00000000f5980000,0x00000000fa554b50,0x00000000ff280000)
  to   space 157696K, 0% used [0x00000000ebf80000,0x00000000ebf80000,0x00000000f5980000)
 ParOldGen       total 833536K, used 75209K [0x00000000a0000000, 0x00000000d2e00000, 0x00000000e0000000)
  object space 833536K, 9% used [0x00000000a0000000,0x00000000a4972608,0x00000000d2e00000)
 Metaspace       used 111222K, capacity 118042K, committed 120536K, reserved 1155072K
  class space    used 13711K, capacity 14822K, committed 15616K, reserved 1048576K
Event: 10746,409 GC heap after
Heap after GC invocations=81 (full 6):
 PSYoungGen      total 314880K, used 118373K [0x00000000e0000000, 0x0000000100000000, 0x0000000100000000)
  eden space 196096K, 0% used [0x00000000e0000000,0x00000000e0000000,0x00000000ebf80000)
  from space 118784K, 99% used [0x00000000ebf80000,0x00000000f33195d0,0x00000000f3380000)
  to   space 173056K, 0% used [0x00000000f5700000,0x00000000f5700000,0x0000000100000000)
 ParOldGen       total 833536K, used 75209K [0x00000000a0000000, 0x00000000d2e00000, 0x00000000e0000000)
  object space 833536K, 9% used [0x00000000a0000000,0x00000000a4972608,0x00000000d2e00000)
 Metaspace       used 111222K, capacity 118042K, committed 120536K, reserved 1155072K
  class space    used 13711K, capacity 14822K, committed 15616K, reserved 1048576K
}

