# JRE version: OpenJDK Runtime Environment (8.0_202) (build 1.8.0_202-release-1483-b49-5587405)
# Java VM: OpenJDK 64-Bit Server VM (25.202-b49-5587405 mixed mode linux-amd64 compressed oops)
Heap:
 PSYoungGen      total 352256K, used 209323K [0x00000000e0000000, 0x0000000100000000, 0x0000000100000000)
  eden space 195072K, 65% used [0x00000000e0000000,0x00000000e7c50e58,0x00000000ebe80000)
  from space 157184K, 52% used [0x00000000f5b00000,0x00000000fab1a148,0x00000000ff480000)
  to   space 160256K, 0% used [0x00000000ebe80000,0x00000000ebe80000,0x00000000f5b00000)
 ParOldGen       total 530432K, used 45497K [0x00000000a0000000, 0x00000000c0600000, 0x00000000e0000000)
  object space 530432K, 8% used [0x00000000a0000000,0x00000000a2c6e4e8,0x00000000c0600000)
 Metaspace       used 92222K, capacity 99334K, committed 100824K, reserved 1136640K
  class space    used 11820K, capacity 13000K, committed 13312K, reserved 1048576K
GC Heap History (10 events):
Event: 7151,802 GC heap before
{Heap before GC invocations=95 (full 4):
 PSYoungGen      total 338432K, used 290502K [0x00000000e0000000, 0x0000000100000000, 0x0000000100000000)
  eden space 180736K, 100% used [0x00000000e0000000,0x00000000eb080000,0x00000000eb080000)
  from space 157696K, 69% used [0x00000000f5580000,0x00000000fc0b1918,0x00000000fef80000)
  to   space 168960K, 0% used [0x00000000eb080000,0x00000000eb080000,0x00000000f5580000)
 ParOldGen       total 530432K, used 171966K [0x00000000a0000000, 0x00000000c0600000, 0x00000000e0000000)
  object space 530432K, 32% used [0x00000000a0000000,0x00000000aa7efb50,0x00000000c0600000)
 Metaspace       used 93363K, capacity 100686K, committed 100824K, reserved 1136640K
  class space    used 12043K, capacity 13266K, committed 13312K, reserved 1048576K
Event: 7151,807 GC heap after
Heap after GC invocations=95 (full 4):
 PSYoungGen      total 349696K, used 9952K [0x00000000e0000000, 0x0000000100000000, 0x0000000100000000)
  eden space 180736K, 0% used [0x00000000e0000000,0x00000000e0000000,0x00000000eb080000)
  from space 168960K, 5% used [0x00000000eb080000,0x00000000eba38050,0x00000000f5580000)
  to   space 165376K, 0% used [0x00000000f5e80000,0x00000000f5e80000,0x0000000100000000)
 ParOldGen       total 530432K, used 171966K [0x00000000a0000000, 0x00000000c0600000, 0x00000000e0000000)
  object space 530432K, 32% used [0x00000000a0000000,0x00000000aa7efb50,0x00000000c0600000)
 Metaspace       used 93363K, capacity 100686K, committed 100824K, reserved 1136640K
  class space    used 12043K, capacity 13266K, committed 13312K, reserved 1048576K
}
Event: 7204,325 GC heap before
{Heap before GC invocations=96 (full 4):
 PSYoungGen      total 349696K, used 68055K [0x00000000e0000000, 0x0000000100000000, 0x0000000100000000)
  eden space 180736K, 32% used [0x00000000e0000000,0x00000000e38bdcd0,0x00000000eb080000)
  from space 168960K, 5% used [0x00000000eb080000,0x00000000eba38050,0x00000000f5580000)
  to   space 165376K, 0% used [0x00000000f5e80000,0x00000000f5e80000,0x0000000100000000)
 ParOldGen       total 530432K, used 171966K [0x00000000a0000000, 0x00000000c0600000, 0x00000000e0000000)
  object space 530432K, 32% used [0x00000000a0000000,0x00000000aa7efb50,0x00000000c0600000)
 Metaspace       used 93364K, capacity 100686K, committed 100824K, reserved 1136640K
  class space    used 12043K, capacity 13266K, committed 13312K, reserved 1048576K
Event: 7204,329 GC heap after
Heap after GC invocations=96 (full 4):
 PSYoungGen      total 359424K, used 1392K [0x00000000e0000000, 0x00000000ffe00000, 0x0000000100000000)
  eden space 196096K, 0% used [0x00000000e0000000,0x00000000e0000000,0x00000000ebf80000)
  from space 163328K, 0% used [0x00000000f5e80000,0x00000000f5fdc020,0x00000000ffe00000)
  to   space 162816K, 0% used [0x00000000ebf80000,0x00000000ebf80000,0x00000000f5e80000)
 ParOldGen       total 530432K, used 171966K [0x00000000a0000000, 0x00000000c0600000, 0x00000000e0000000)
  object space 530432K, 32% used [0x00000000a0000000,0x00000000aa7efb50,0x00000000c0600000)
 Metaspace       used 93364K, capacity 100686K, committed 100824K, reserved 1136640K
  class space    used 12043K, capacity 13266K, committed 13312K, reserved 1048576K
}
Event: 7204,329 GC heap before
{Heap before GC invocations=97 (full 5):
 PSYoungGen      total 359424K, used 1392K [0x00000000e0000000, 0x00000000ffe00000, 0x0000000100000000)
  eden space 196096K, 0% used [0x00000000e0000000,0x00000000e0000000,0x00000000ebf80000)
  from space 163328K, 0% used [0x00000000f5e80000,0x00000000f5fdc020,0x00000000ffe00000)
  to   space 162816K, 0% used [0x00000000ebf80000,0x00000000ebf80000,0x00000000f5e80000)
 ParOldGen       total 530432K, used 171966K [0x00000000a0000000, 0x00000000c0600000, 0x00000000e0000000)
  object space 530432K, 32% used [0x00000000a0000000,0x00000000aa7efb50,0x00000000c0600000)
 Metaspace       used 93364K, capacity 100686K, committed 100824K, reserved 1136640K
  class space    used 12043K, capacity 13266K, committed 13312K, reserved 1048576K
Event: 7204,679 GC heap after
Heap after GC invocations=97 (full 5):
 PSYoungGen      total 359424K, used 0K [0x00000000e0000000, 0x00000000ffe00000, 0x0000000100000000)
  eden space 196096K, 0% used [0x00000000e0000000,0x00000000e0000000,0x00000000ebf80000)
  from space 163328K, 0% used [0x00000000f5e80000,0x00000000f5e80000,0x00000000ffe00000)
  to   space 162816K, 0% used [0x00000000ebf80000,0x00000000ebf80000,0x00000000f5e80000)
 ParOldGen       total 530432K, used 45481K [0x00000000a0000000, 0x00000000c0600000, 0x00000000e0000000)
  object space 530432K, 8% used [0x00000000a0000000,0x00000000a2c6a4e8,0x00000000c0600000)
 Metaspace       used 92144K, capacity 99202K, committed 100824K, reserved 1136640K
  class space    used 11820K, capacity 13000K, committed 13312K, reserved 1048576K
}
Event: 7899,724 GC heap before
{Heap before GC invocations=98 (full 5):
 PSYoungGen      total 359424K, used 196096K [0x00000000e0000000, 0x00000000ffe00000, 0x0000000100000000)
  eden space 196096K, 100% used [0x00000000e0000000,0x00000000ebf80000,0x00000000ebf80000)
  from space 163328K, 0% used [0x00000000f5e80000,0x00000000f5e80000,0x00000000ffe00000)
  to   space 162816K, 0% used [0x00000000ebf80000,0x00000000ebf80000,0x00000000f5e80000)
 ParOldGen       total 530432K, used 45481K [0x00000000a0000000, 0x00000000c0600000, 0x00000000e0000000)
  object space 530432K, 8% used [0x00000000a0000000,0x00000000a2c6a4e8,0x00000000c0600000)
 Metaspace       used 92195K, capacity 99270K, committed 100824K, reserved 1136640K
  class space    used 11820K, capacity 13000K, committed 13312K, reserved 1048576K
Event: 7899,732 GC heap after
Heap after GC invocations=98 (full 5):
 PSYoungGen      total 206848K, used 10592K [0x00000000e0000000, 0x00000000ff480000, 0x0000000100000000)
  eden space 196096K, 0% used [0x00000000e0000000,0x00000000e0000000,0x00000000ebf80000)
  from space 10752K, 98% used [0x00000000ebf80000,0x00000000ec9d8010,0x00000000eca00000)
  to   space 157184K, 0% used [0x00000000f5b00000,0x00000000f5b00000,0x00000000ff480000)
 ParOldGen       total 530432K, used 45489K [0x00000000a0000000, 0x00000000c0600000, 0x00000000e0000000)
  object space 530432K, 8% used [0x00000000a0000000,0x00000000a2c6c4e8,0x00000000c0600000)
 Metaspace       used 92195K, capacity 99270K, committed 100824K, reserved 1136640K
  class space    used 11820K, capacity 13000K, committed 13312K, reserved 1048576K
}
Event: 7900,035 GC heap before
{Heap before GC invocations=99 (full 5):
 PSYoungGen      total 206848K, used 206688K [0x00000000e0000000, 0x00000000ff480000, 0x0000000100000000)
  eden space 196096K, 100% used [0x00000000e0000000,0x00000000ebf80000,0x00000000ebf80000)
  from space 10752K, 98% used [0x00000000ebf80000,0x00000000ec9d8010,0x00000000eca00000)
  to   space 157184K, 0% used [0x00000000f5b00000,0x00000000f5b00000,0x00000000ff480000)
 ParOldGen       total 530432K, used 45489K [0x00000000a0000000, 0x00000000c0600000, 0x00000000e0000000)
  object space 530432K, 8% used [0x00000000a0000000,0x00000000a2c6c4e8,0x00000000c0600000)
 Metaspace       used 92221K, capacity 99334K, committed 100824K, reserved 1136640K
  class space    used 11820K, capacity 13000K, committed 13312K, reserved 1048576K
Event: 7900,053 GC heap after
Heap after GC invocations=99 (full 5):
 PSYoungGen      total 352256K, used 82024K [0x00000000e0000000, 0x0000000100000000, 0x0000000100000000)
  eden space 195072K, 0% used [0x00000000e0000000,0x00000000e0000000,0x00000000ebe80000)
  from space 157184K, 52% used [0x00000000f5b00000,0x00000000fab1a148,0x00000000ff480000)
  to   space 160256K, 0% used [0x00000000ebe80000,0x00000000ebe80000,0x00000000f5b00000)
 ParOldGen       total 530432K, used 45497K [0x00000000a0000000, 0x00000000c0600000, 0x00000000e0000000)
  object space 530432K, 8% used [0x00000000a0000000,0x00000000a2c6e4e8,0x00000000c0600000)
 Metaspace       used 92221K, capacity 99334K, committed 100824K, reserved 1136640K
  class space    used 11820K, capacity 13000K, committed 13312K, reserved 1048576K
}

